<?xml version="1.0" encoding="UTF-8"?>
<testng-results ignored="0" total="1" passed="1" failed="0" skipped="0">
  <reporter-output>
  </reporter-output>
  <suite started-at="2022-02-15T04:13:33 EET" name="Default suite" finished-at="2022-02-15T04:13:57 EET" duration-ms="24266">
    <groups>
    </groups>
    <test started-at="2022-02-15T04:13:33 EET" name="Default test" finished-at="2022-02-15T04:13:57 EET" duration-ms="24266">
      <class name="zyda.addToCartTask.AddToCart">
        <test-method is-config="true" signature="openurl()[pri:0, instance:zyda.addToCartTask.AddToCart@399c4be1]" started-at="2022-02-15T04:13:33 EET" name="openurl" finished-at="2022-02-15T04:13:40 EET" duration-ms="6886" status="PASS">
          <reporter-output>
          </reporter-output>
        </test-method> <!-- openurl -->
        <test-method signature="case0_addToCart()[pri:1, instance:zyda.addToCartTask.AddToCart@399c4be1]" started-at="2022-02-15T04:13:40 EET" name="case0_addToCart" finished-at="2022-02-15T04:13:57 EET" duration-ms="17351" status="PASS">
          <reporter-output>
          </reporter-output>
        </test-method> <!-- case0_addToCart -->
      </class> <!-- zyda.addToCartTask.AddToCart -->
    </test> <!-- Default test -->
  </suite> <!-- Default suite -->
</testng-results>
